listInstallerAlarmTemplates >>>> CONFIGURE
listInstallerDeviceProfiles >>>> CONFIGURE
listInstallerListOfRenctlyClaimedDevices >>>> CONFIGURE
claimInstallerDevices >>>> CONFIGURE
unassignInstallerRecentlyClaimedDevice >>>> CONFIGURE
provisionInstallerDevices >>>> CONFIGURE
startInstallerLocateDevice >>>> CONFIGURE
stopInstallerLocateDevice >>>> CONFIGURE
deleteInstallerDeviceImage >>>> CONFIGURE
addInstallerDeviceImage >>>> CONFIGURE
getInstallerDeviceVirtualChassis >>>> CONFIGURE
createInstallerVirtualChassis >>>> CONFIGURE
updateInstallerVirtualChassisMember >>>> CONFIGURE
listInstallerRfTemplatesNames >>>> CONFIGURE
listInstallerSecPolicies >>>> CONFIGURE
listInstallerSiteGroups >>>> CONFIGURE
listInstallerSites >>>> CONFIGURE
createOrUpdateInstallerSites >>>> CONFIGURE
listInstallerMaps >>>> CONFIGURE
importInstallerMap >>>> CONFIGURE
deleteInstallerMap >>>> CONFIGURE
createInstallerMap >>>> CONFIGURE
updateInstallerMap >>>> CONFIGURE
optimizeInstallerRrm >>>> CONFIGURE
verifyAdminInvite >>>> CONFIGURE
login >>>> AUTHENTICATION
lookup >>>> AUTHENTICATION
unlinkOauth2Provider >>>> AUTHENTICATION
getOauth2AuthorizationUrlForLogin >>>> AUTHENTICATION
loginOauth2 >>>> AUTHENTICATION
twoFactor >>>> AUTHENTICATION
logout >>>> AUTHENTICATION
activateSdkInvite >>>> CONFIGURE
createMsp >>>> CONFIGURE
deleteMsp >>>> CONFIGURE
getMspDetails >>>> CONFIGURE
updateMsp >>>> CONFIGURE
listMspAdmins >>>> CONFIGURE
revokeMspAdmin >>>> CONFIGURE
getMspAdmin >>>> CONFIGURE
updateMspAdmin >>>> CONFIGURE
claimMspLicence >>>> CONFIGURE
getMspSle >>>> MONITOR
getMspInventoryByMac >>>> MONITOR
inviteMspAdmin >>>> CONFIGURE
uninviteMspAdmin >>>> CONFIGURE
updateMspAdminInvite >>>> CONFIGURE
listMspLicenses >>>> CONFIGURE
moveOrDeleteMspLicenseToAnotherOrg >>>> CONFIGURE
deleteMspLogo >>>> CONFIGURE
postMspLogo >>>> CONFIGURE
listMspLogs >>>> MONITOR
countMspLogs >>>> MONITOR
listMspOrgGroups >>>> CONFIGURE
createMspOrgGroup >>>> CONFIGURE
deleteMspOrgGroup >>>> CONFIGURE
getMspOrgGroup >>>> CONFIGURE
updateMspOrgGroup >>>> CONFIGURE
listMspOrgs >>>> CONFIGURE
createMspOrg >>>> CONFIGURE
manageMspOrgs >>>> CONFIGURE
searchMspOrgs >>>> MONITOR
deleteMspOrg >>>> CONFIGURE
getMspOrg >>>> CONFIGURE
updateMspOrg >>>> CONFIGURE
searchMspOrgGroup >>>> MONITOR
listMspSsoRoles >>>> CONFIGURE
createMspSsoRole >>>> CONFIGURE
deleteMspSsoRole >>>> CONFIGURE
updateMspSsoRole >>>> CONFIGURE
listMspSsos >>>> CONFIGURE
createMspSso >>>> CONFIGURE
deleteMspSso >>>> CONFIGURE
getMspSso >>>> CONFIGURE
updateMspSso >>>> CONFIGURE
listMspSsoLatestFailures >>>> MONITOR
getMspSsoSamlMetadata >>>> CONFIGURE
downloadMspSsoSamlMetadata >>>> CONFIGURE
listMspOrgLicenses >>>> MONITOR
listMspOrgStats >>>> MONITOR
countMspsMarvisActions >>>> MONITOR
listMspTickets >>>> MONITOR
countMspTickets >>>> MONITOR
createOrg >>>> CONFIGURE
deleteOrg >>>> CONFIGURE
getOrg >>>> CONFIGURE
updateOrg >>>> CONFIGURE
getOrg128TRegistrationCommands >>>> CONFIGURE
listOrgAdmins >>>> CONFIGURE
revokeOrgAdmin >>>> CONFIGURE
updateOrgAdmin >>>> CONFIGURE
multiAckOrgAlarms >>>> CONFIGURE
ackOrgAllAlarms >>>> CONFIGURE
countOrgAlarms >>>> MONITOR
searchOrgAlarms >>>> MONITOR
multiUnackOrgAlarms >>>> CONFIGURE
unackOrgAllArlarms >>>> CONFIGURE
ackOrgAlarm >>>> CONFIGURE
listOrgAlarmTemplates >>>> CONFIGURE
createOrgAlarmTemplate >>>> CONFIGURE
unsuppressOrgSuppressedAlarms >>>> CONFIGURE
listOrgSuppressedAlarms >>>> CONFIGURE
suppressOrgAlarm >>>> CONFIGURE
deleteOrgAlarmTemplate >>>> CONFIGURE
getOrgAlarmTemplate >>>> CONFIGURE
updateOrgAlarmTemplate >>>> CONFIGURE
listOrgApiTokens >>>> CONFIGURE
createOrgApiToken >>>> CONFIGURE
deleteOrgApiToken >>>> CONFIGURE
getOrgApiToken >>>> CONFIGURE
updateOrgApiToken >>>> CONFIGURE
listOrgAptemplates >>>> CONFIGURE
createOrgAptemplate >>>> CONFIGURE
deleteOrgAptemplate >>>> CONFIGURE
getOrgAptemplate >>>> CONFIGURE
updateOrgAptemplate >>>> CONFIGURE
listOrgAssetFilters >>>> CONFIGURE
createOrgAssetFilters >>>> CONFIGURE
deleteOrgAssetFilter >>>> CONFIGURE
getOrgAssetFilter >>>> CONFIGURE
updateOrgAssetFilters >>>> CONFIGURE
listOrgAssets >>>> CONFIGURE
createOrgAsset >>>> CONFIGURE
importOrgAssets >>>> CONFIGURE
deleteOrgAsset >>>> CONFIGURE
getOrgAsset >>>> CONFIGURE
updateOrgAsset >>>> CONFIGURE
getOrgCertificates >>>> CONFIGURE
clearOrgCertificates >>>> CONFIGURE
claimOrgLicense >>>> CONFIGURE
countOrgWirelessClients >>>> MONITOR
searchOrgWirelessClientEvents >>>> MONITOR
searchOrgWirelessClients >>>> MONITOR
countOrgWirelessClientsSessions >>>> MONITOR
searchOrgWirelessClientSessions >>>> MONITOR
reauthOrgDot1xWirelessClient >>>> CONFIGURE
cloneOrg >>>> CONFIGURE
getOrgCrlFile >>>> CONFIGURE
truncateOrgCrlFile >>>> CONFIGURE
listOrgDeviceProfiles >>>> CONFIGURE
createOrgDeviceProfiles >>>> CONFIGURE
deleteOrgDeviceProfile >>>> CONFIGURE
getOrgDeviceProfile >>>> CONFIGURE
updateOrgDeviceProfile >>>> CONFIGURE
assignOrgDeviceProfile >>>> CONFIGURE
unassignOrgDeviceProfiles >>>> CONFIGURE
listOrgDevices >>>> CONFIGURE
countOrgDevices >>>> MONITOR
countOrgDeviceEvents >>>> MONITOR
searchOrgDeviceEvents >>>> MONITOR
countOrgDeviceLastConfigs >>>> MONITOR
searchOrgDeviceLastConfigs >>>> MONITOR
listOrgApsMacs >>>> MONITOR
searchOrgDevices >>>> MONITOR
listOrgMultiSitesDevicesUpgrades >>>> CONFIGURE
upgradeOrgMultiSitesDevices >>>> CONFIGURE
getOrgMultiSitesUpgrade >>>> CONFIGURE
listOrgEvpnTopologies >>>> CONFIGURE
createOrgEvpnTopology >>>> CONFIGURE
deleteOrgEvpnTopology >>>> CONFIGURE
getOrgEvpnTolopogy >>>> CONFIGURE
updateOrgEvpnTopology >>>> CONFIGURE
listOrgGatewayTemplates >>>> CONFIGURE
createOrgGatewayTemplate >>>> CONFIGURE
deleteOrgGatewayTemplate >>>> CONFIGURE
getOrgGatewayTemplate >>>> CONFIGURE
updateOrgGatewayTemplate >>>> CONFIGURE
listOrgGuestAuthorizations >>>> CONFIGURE
countOrgGuestAuthorizations >>>> MONITOR
searchOrgGuestAuthorization >>>> MONITOR
deleteOrgGuestAuthorization >>>> CONFIGURE
getOrgGuestAuthorization >>>> CONFIGURE
updateOrgGuestAuthorization >>>> CONFIGURE
listOrgIdpProfiles >>>> CONFIGURE
createOrgIdpProfile >>>> CONFIGURE
deleteOrgIdpProfile >>>> CONFIGURE
getOrgIdpProfile >>>> CONFIGURE
updateOrgIdpProfile >>>> CONFIGURE
getOrgSitesSle >>>> MONITOR
getOrgSle >>>> MONITOR
getOrgInventory >>>> CONFIGURE
addOrgInventory >>>> CONFIGURE
updateOrgInventoryAssignment >>>> CONFIGURE
createOrgGatewayHaCluster >>>> CONFIGURE
deleteOrgGatewayHaCluster >>>> CONFIGURE
reevaluateOrgAutoAssignment >>>> CONFIGURE
replaceOrgDevices >>>> CONFIGURE
inviteOrgAdmin >>>> CONFIGURE
uninviteOrgAdmin >>>> CONFIGURE
updateOrgAdminInvite >>>> CONFIGURE
listOrgJsiDevices >>>> CONFIGURE
adoptOrgJsiDevice >>>> CONFIGURE
createOrgJsiDeviceShellSession >>>> CONFIGURE
upgradeOrgJsiDevice >>>> CONFIGURE
listOrgJsiPastPurchases >>>> MONITOR
getOrgLicencesSummary >>>> CONFIGURE
moveOrDeleteOrgLicenseToAnotherOrg >>>> CONFIGURE
getOrgLicencesBySite >>>> MONITOR
listOrgLogs >>>> MONITOR
countOrgLogs >>>> MONITOR
importOrgMaps >>>> CONFIGURE
validateOrgIdpCredential >>>> CONFIGURE
listOrgMxEdgeClusters >>>> CONFIGURE
createOrgMxEdgeCluster >>>> CONFIGURE
deleteOrgMxEdgeCluster >>>> CONFIGURE
getOrgMxEdgeCluster >>>> CONFIGURE
updateOrgMxEdgeCluster >>>> CONFIGURE
listOrgMxEdges >>>> CONFIGURE
createOrgMxEdge >>>> CONFIGURE
assignOrgMxEdgeToSite >>>> CONFIGURE
claimOrgMxEdge >>>> CONFIGURE
countOrgMxEdges >>>> MONITOR
countOrgSiteMxEdgeEvents >>>> MONITOR
searchOrgMistEdgeEvents >>>> MONITOR
searchOrgMxEdges >>>> MONITOR
unassignOrgMxEdgeFromSite >>>> CONFIGURE
listOrgMxEdgeUpgrades >>>> CONFIGURE
upgradeOrgMxEdges >>>> CONFIGURE
getOrgMxEdgeUpgrade >>>> CONFIGURE
getOrgMxEdgeUpgradeInfo >>>> CONFIGURE
deleteOrgMxEdge >>>> CONFIGURE
getOrgMxEdge >>>> CONFIGURE
updateOrgMxEdge >>>> CONFIGURE
deleteOrgMxEdgeImage >>>> CONFIGURE
addOrgMxEdgeImage >>>> CONFIGURE
restartOrgMxEdge >>>> CONFIGURE
bounceOrgMxEdgeDataPorts >>>> CONFIGURE
controlOrgMxEdgeServices >>>> CONFIGURE
uploadOrgMxEdgeSupportFiles >>>> CONFIGURE
unregisterOrgMxEdge >>>> CONFIGURE
listOrgMxTunnels >>>> CONFIGURE
createOrgMxTunnel >>>> CONFIGURE
deleteOrgMxTunnel >>>> CONFIGURE
getOrgMxTunnel >>>> CONFIGURE
updateOrgMxTunnel >>>> CONFIGURE
countOrgNacClients >>>> MONITOR
countOrgNacClientEvents >>>> MONITOR
searchOrgNacClientEvents >>>> MONITOR
searchOrgNacClients >>>> MONITOR
listOrgNacRules >>>> CONFIGURE
createOrgNacRule >>>> CONFIGURE
deleteOrgNacRule >>>> CONFIGURE
getOrgNacRule >>>> CONFIGURE
updateOrgNacRule >>>> CONFIGURE
listOrgNacTags >>>> CONFIGURE
createOrgNacTag >>>> CONFIGURE
deleteOrgNacTag >>>> CONFIGURE
getOrgNacTag >>>> CONFIGURE
updateOrgNacTag >>>> CONFIGURE
listOrgNetworks >>>> CONFIGURE
createOrgNetwork >>>> CONFIGURE
deleteOrgNetwork >>>> CONFIGURE
getOrgNetwork >>>> CONFIGURE
updateOrgNetwork >>>> CONFIGURE
listOrgNetworkTemplates >>>> CONFIGURE
createOrgNetworkTemplate >>>> CONFIGURE
deleteOrgNetworkTemplate >>>> CONFIGURE
getOrgNetworkTemplate >>>> CONFIGURE
updateOrgNetworkTemplates >>>> CONFIGURE
getOrgJuniperDevicesCommand >>>> CONFIGURE
listOrgOtherDevices >>>> CONFIGURE
updateOrgOtherDevices >>>> CONFIGURE
countOrgOtherDeviceEvents >>>> MONITOR
searchOrgOtherDeviceEvents >>>> MONITOR
deleteOrgOtherDevice >>>> CONFIGURE
getOrgOtherDevice >>>> CONFIGURE
updateOrgOtherDevice >>>> CONFIGURE
rebootOrgOtherDevice >>>> CONFIGURE
listOrgPacketCaptures >>>> UTILITIES
stopOrgPacketCapture >>>> UTILITIES
getOrgCapturingStatus >>>> UTILITIES
startOrgPacketCapture >>>> UTILITIES
listOrgPmaDashboards >>>> MONITOR
listOrgPskPortals >>>> CONFIGURE
createOrgPskPortal >>>> CONFIGURE
listOrgPskPortalLogs >>>> MONITOR
countOrgPskPortalLogs >>>> MONITOR
searchOrgPskPortalLogs >>>> MONITOR
deleteOrgPskPortal >>>> CONFIGURE
getOrgPskPortal >>>> CONFIGURE
updateOrgPskPortal >>>> CONFIGURE
listOrgPsks >>>> CONFIGURE
createOrgPsk >>>> CONFIGURE
updateOrgMultiPsks >>>> CONFIGURE
importOrgPsks >>>> CONFIGURE
deleteOrgPsk >>>> CONFIGURE
getOrgPsk >>>> CONFIGURE
updateOrgPsk >>>> CONFIGURE
deleteOrgPskOldPassphrase >>>> CONFIGURE
listOrgRfTemplates >>>> CONFIGURE
createOrgRfTemplate >>>> CONFIGURE
deleteOrgRfTemplate >>>> CONFIGURE
getOrgRfTemplate >>>> CONFIGURE
updateOrgRfTemplate >>>> CONFIGURE
updateSdkClient >>>> CONFIGURE
listSdkInvites >>>> CONFIGURE
createSdkInvite >>>> CONFIGURE
revokeSdkInvite >>>> CONFIGURE
getSdkInvite >>>> CONFIGURE
updateSdkInvite >>>> CONFIGURE
sendSdkInviteEmail >>>> CONFIGURE
getSdkInviteQrCode >>>> CONFIGURE
sendSdkInviteSms >>>> CONFIGURE
listSdkTemplates >>>> CONFIGURE
createSdkTemplate >>>> CONFIGURE
deleteSdkTemplate >>>> CONFIGURE
getSdkTemplate >>>> CONFIGURE
updateSdkTemplate >>>> CONFIGURE
listOrgSecPolicies >>>> CONFIGURE
createOrgSecPolicies >>>> CONFIGURE
deleteOrgSecPolicy >>>> CONFIGURE
getOrgSecPolicy >>>> CONFIGURE
updateOrgSecPolicies >>>> CONFIGURE
listOrgServicePolicies >>>> CONFIGURE
createOrgServicePolicy >>>> CONFIGURE
deleteOrgServicePolicy >>>> CONFIGURE
getOrgServicePolicy >>>> CONFIGURE
updateOrgServicePolicy >>>> CONFIGURE
listOrgServices >>>> CONFIGURE
createOrgService >>>> CONFIGURE
deleteOrgService >>>> CONFIGURE
getOrgService >>>> CONFIGURE
updateOrgService >>>> CONFIGURE
getOrgSettings >>>> CONFIGURE
updateOrgSettings >>>> CONFIGURE
deleteOrgWirelessClientsBlocklist >>>> CONFIGURE
createOrgWirelessClientsBlocklist >>>> CONFIGURE
deleteOrgCradlepointConnection >>>> CONFIGURE
setupOrgCradlepointConnectionToMist >>>> CONFIGURE
updateOrgCradlepointConnectionToMist >>>> CONFIGURE
syncOrgCradlepointRouters >>>> CONFIGURE
getOrgJseInfo >>>> MONITOR
deleteOrgJsecCredential >>>> CONFIGURE
getOrgJsecCredential >>>> CONFIGURE
setupOrgJsecCredential >>>> CONFIGURE
linkOrgToJuniperJuniperAccount >>>> CONFIGURE
unlinkOrgFromJuniperCustomerId >>>> CONFIGURE
getOrgNacCrl >>>> CONFIGURE
importOrgNacCrl >>>> CONFIGURE
deleteOrgNacCrl >>>> CONFIGURE
setOrgCustomBucket >>>> CONFIGURE
verifyOrgCustomBucket >>>> CONFIGURE
deleteOrgZscalerCredential >>>> CONFIGURE
getOrgZscalerCredential >>>> CONFIGURE
setupOrgZscalerCredential >>>> CONFIGURE
getOrgOauthAppLinkedStatus >>>> CONFIGURE
addOrgOauthAppAccounts >>>> CONFIGURE
updateOrgOauthAppAccounts >>>> CONFIGURE
deleteOrgOauthAppAuthorization >>>> CONFIGURE
listOrgSiteGroups >>>> CONFIGURE
createOrgSiteGroup >>>> CONFIGURE
deleteOrgSiteGroup >>>> CONFIGURE
getOrgSiteGroup >>>> CONFIGURE
updateOrgSiteGroup >>>> CONFIGURE
listOrgSites >>>> CONFIGURE
createOrgSite >>>> CONFIGURE
countOrgSites >>>> MONITOR
searchOrgSites >>>> MONITOR
importOrgMapToSite >>>> CONFIGURE
listOrgSiteTemplates >>>> CONFIGURE
createOrgSiteTemplates >>>> CONFIGURE
deleteOrgSiteTemplate >>>> CONFIGURE
getOrgSiteTemplate >>>> CONFIGURE
updateOrgSiteTemplate >>>> CONFIGURE
listOrgSsoRoles >>>> CONFIGURE
createOrgSsoRole >>>> CONFIGURE
deleteOrgSsoRole >>>> CONFIGURE
getOrgSsoRole >>>> CONFIGURE
updateOrgSsoRole >>>> CONFIGURE
listOrgSsos >>>> CONFIGURE
createOrgSso >>>> CONFIGURE
deleteOrgSso >>>> CONFIGURE
getOrgSso >>>> CONFIGURE
updateOrgSso >>>> CONFIGURE
listOrgSsoLatestFailures >>>> MONITOR
getOrgSsoSamlMetadata >>>> CONFIGURE
downloadOrgSsoSamlMetadata >>>> CONFIGURE
listOrgSsrUpgrades >>>> CONFIGURE
upgradeOrgSsrs >>>> CONFIGURE
cancelOrgSsrUpgrade >>>> CONFIGURE
listOrgAvailableSsrVersions >>>> CONFIGURE
getOrgStats >>>> MONITOR
listOrgAssetsStats >>>> MONITOR
countOrgAssetsByDistanceField >>>> MONITOR
searchOrgAssets >>>> MONITOR
countOrgBgpStats >>>> MONITOR
searchOrgBgpStats >>>> MONITOR
listOrgDevicesStats >>>> MONITOR
listOrgMxEdgesStats >>>> MONITOR
getOrgMxEdgeStats >>>> MONITOR
getOrgOtherDeviceStats >>>> MONITOR
searchOrgSwOrGwPorts >>>> MONITOR
countOrgSwitchPorts >>>> MONITOR
countOrgTunnelsStats >>>> MONITOR
searchOrgTunnelsStats >>>> MONITOR
countOrgPeerPathStats >>>> MONITOR
searchOrgPeerPathStats >>>> MONITOR
unsubscribeOrgAlarmsReports >>>> CONFIGURE
subscribeOrgAlarmsReports >>>> CONFIGURE
listOrgTemplates >>>> CONFIGURE
createOrgTemplate >>>> CONFIGURE
deleteOrgTemplate >>>> CONFIGURE
getOrgTemplate >>>> CONFIGURE
updateOrgTemplate >>>> CONFIGURE
cloneOrgTemplate >>>> CONFIGURE
listOrgTickets >>>> CONFIGURE
createOrgTicket >>>> CONFIGURE
countOrgTickets >>>> MONITOR
getOrgTicket >>>> CONFIGURE
updateOrgTicket >>>> CONFIGURE
addOrgTicketComment >>>> CONFIGURE
troubleshootOrg >>>> MONITOR
searchOrgVars >>>> MONITOR
listOrgsVpns >>>> CONFIGURE
createOrgVpns >>>> CONFIGURE
deleteOrgVpn >>>> CONFIGURE
getOrgVpn >>>> CONFIGURE
updateOrgVpn >>>> CONFIGURE
countOrgWanClientEvents >>>> MONITOR
countOrgWanClients >>>> MONITOR
searchOrgWanClientEvents >>>> MONITOR
searchOrgWanClients >>>> MONITOR
listOrgWebhooks >>>> CONFIGURE
createOrgWebhook >>>> CONFIGURE
deleteOrgWebhook >>>> CONFIGURE
getOrgWebhook >>>> CONFIGURE
updateOrgWebhook >>>> CONFIGURE
searchOrgWebhooksDeliveries >>>> MONITOR
pingOrgWebhook >>>> CONFIGURE
countOrgWiredClients >>>> MONITOR
searchOrgWiredClients >>>> MONITOR
listOrgWlans >>>> CONFIGURE
createOrgWlan >>>> CONFIGURE
deleteOrgWlan >>>> CONFIGURE
getOrgWLAN >>>> CONFIGURE
updateOrgWlan >>>> CONFIGURE
deleteOrgWlanPortalImage >>>> CONFIGURE
uploadOrgWlanPortalImage >>>> CONFIGURE
updateOrgWlanPortalTemplate >>>> CONFIGURE
listOrgWxRules >>>> CONFIGURE
createOrgWxRule >>>> CONFIGURE
getOrgWxRulesDerived >>>> CONFIGURE
deleteOrgWxRule >>>> CONFIGURE
getOrgWxRule >>>> CONFIGURE
updateOrgWxRule >>>> CONFIGURE
listOrgWxTags >>>> CONFIGURE
createOrgWxTag >>>> CONFIGURE
getOrgApplicationList >>>> CONFIGURE
deleteOrgWxTag >>>> CONFIGURE
getOrgWxTag >>>> CONFIGURE
updateOrgWxTag >>>> CONFIGURE
getOrgCurrentMatchingClientsOfAWxTag >>>> MONITOR
listOrgWxTunnels >>>> CONFIGURE
createOrgWxTunnel >>>> CONFIGURE
deleteOrgWxTunnel >>>> CONFIGURE
getOrgWxTunnel >>>> CONFIGURE
updateOrgWxTunnel >>>> CONFIGURE
recoverPassword >>>> AUTHENTICATION
verifyRecoverPasssword >>>> AUTHENTICATION
registerNewAdmin >>>> CONFIGURE
getAdminRegistrationInfo >>>> MONITOR
verifyRegistration >>>> CONFIGURE
deleteSelf >>>> AUTHENTICATION
getSelf >>>> AUTHENTICATION
updateSelf >>>> AUTHENTICATION
listApiTokens >>>> AUTHENTICATION
createApiToken >>>> AUTHENTICATION
deleteApiToken >>>> AUTHENTICATION
getApiToken >>>> AUTHENTICATION
updateApiToken >>>> AUTHENTICATION
listSelfAuditLogs >>>> AUTHENTICATION
getOauth2UrlForLinking >>>> AUTHENTICATION
linkOauth2MistAccount >>>> AUTHENTICATION
listAlarmSubscriptions >>>> AUTHENTICATION
generateSecretFor2faVerification >>>> AUTHENTICATION
verifyTwoFactor >>>> AUTHENTICATION
updateSelfEmail >>>> AUTHENTICATION
verifySelfEmail >>>> AUTHENTICATION
deleteSite >>>> CONFIGURE
getSiteInfo >>>> CONFIGURE
updateSiteInfo >>>> CONFIGURE
multiAckSiteAlarms >>>> CONFIGURE
ackSiteAllAlarms >>>> CONFIGURE
countSiteAlarms >>>> MONITOR
searchSiteAlarms >>>> MONITOR
multiUnackSiteAlarms >>>> CONFIGURE
unackSiteAllArlarms >>>> CONFIGURE
ackSiteAlarm >>>> CONFIGURE
unackSiteAlarm >>>> CONFIGURE
getSiteAnomalyEventsForClient >>>> MONITOR
getSiteAnomalyEventsforDevice >>>> MONITOR
getSiteAnomalyEvents >>>> MONITOR
listSiteApps >>>> MONITOR
getSiteApTemplateDerived >>>> CONFIGURE
listSiteAssetFilters >>>> CONFIGURE
createSiteAssetFilters >>>> CONFIGURE
deleteSiteAssetFilter >>>> CONFIGURE
getSiteAssetFilter >>>> CONFIGURE
updateSiteAssetFilter >>>> CONFIGURE
listSiteAssets >>>> CONFIGURE
createSiteAsset >>>> CONFIGURE
importSiteAssets >>>> CONFIGURE
deleteSiteAsset >>>> CONFIGURE
getSiteAsset >>>> CONFIGURE
updateSiteAsset >>>> CONFIGURE
listSiteBeacons >>>> CONFIGURE
createSiteBeacon >>>> CONFIGURE
deleteSiteBeacons >>>> CONFIGURE
getSiteBeacon >>>> CONFIGURE
updateSiteBeacons >>>> CONFIGURE
countSiteWirelessClients >>>> MONITOR
disconnectSiteMultipleClients >>>> UTILITIES
countSiteWirelessClientEvents >>>> MONITOR
searchSiteWirelessClientEvents >>>> MONITOR
searchSiteWirelessClients >>>> MONITOR
countSiteWirelessClientSessions >>>> MONITOR
searchSiteWirelessClientSessions >>>> MONITOR
unauthorizeSiteMultipleClients >>>> UTILITIES
reauthSiteDot1xWirelessClient >>>> UTILITIES
disconnectSiteWirelessClient >>>> UTILITIES
getSiteEventsForClient >>>> MONITOR
unauthorizeSiteWirelessClient >>>> UTILITIES
listSiteDeviceProfilesDerived >>>> CONFIGURE
listSiteDevices >>>> CONFIGURE
getSiteDeviceRadioChannels >>>> MONITOR
countSiteDeviceConfigHistory >>>> MONITOR
searchSiteDeviceConfigHistory >>>> MONITOR
countSiteDevices >>>> MONITOR
countSiteDeviceEvents >>>> MONITOR
searchSiteDeviceEvents >>>> MONITOR
exportSiteDevices >>>> MONITOR
importSiteDevices >>>> CONFIGURE
countSiteDeviceLastConfig >>>> MONITOR
searchSiteDeviceLastConfigs >>>> MONITOR
reprovisionSiteAllAps >>>> UTILITIES
resetSiteAllApsToUseRrm >>>> UTILITIES
multiRestartSiteDevices >>>> CONFIGURE
searchSiteDevices >>>> MONITOR
sendSiteDevicesArbitratryBleBeacon >>>> UTILITIES
listSiteDevicesUpgrade >>>> CONFIGURE
multiUpgradeSiteDevices >>>> CONFIGURE
getSiteUpgrade >>>> CONFIGURE
cancelSiteDeviceUpgrade >>>> CONFIGURE
upgradeSiteMultipleDevicesBios >>>> CONFIGURE
listSiteAvailableDeviceVersions >>>> CONFIGURE
zeroizeSiteFipsAllAps >>>> UTILITIES
deleteSiteDevice >>>> CONFIGURE
getSiteDevice >>>> CONFIGURE
updateSiteDevice >>>> CONFIGURE
arpFromDevice >>>> UTILITIES
portsBounceFromSwitch >>>> UTILITIES
cableTestFromSwitch >>>> UTILITIES
startSiteSwitchRadiusSyntheticTest >>>> UTILITIES
clearSiteSsrArpCache >>>> UTILITIES
clearSiteSsrBgpRoutes >>>> UTILITIES
clearBpduErrosFromPortsOnSwitch >>>> UTILITIES
clearAllLearnedMacsFromPortOnSwitch >>>> UTILITIES
getSiteDeviceConfigCmd >>>> UTILITIES
deleteSiteDeviceHaCluster >>>> CONFIGURE
createSiteDeviceHaCluster >>>> CONFIGURE
swapSiteDeviceHaClusterNode >>>> CONFIGURE
deleteSiteDeviceImage >>>> CONFIGURE
addSiteDeviceImage >>>> CONFIGURE
getSiteDeviceIotPort >>>> CONFIGURE
setSiteDeviceIotPort >>>> CONFIGURE
deleteSiteLocalSwitchPortConfig >>>> CONFIGURE
updateSiteLocalSwitchPortConfig >>>> CONFIGURE
startSiteLocateDevice >>>> UTILITIES
pingFromDevice >>>> UTILITIES
pollSiteSwitchStats >>>> UTILITIES
readoptSiteOctermDevice >>>> UTILITIES
releaseSiteSsrDhcpLease >>>> UTILITIES
getSiteDeviceZtpPassword >>>> UTILITIES
testSiteSsrDnsResolution >>>> UTILITIES
restartSiteDevice >>>> UTILITIES
servicePingFromSsr >>>> UTILITIES
getSiteDeviceArpTable >>>> UTILITIES
getSiteDeviceMacTable >>>> UTILITIES
getSiteSsrAndSrxRoutes >>>> UTILITIES
getSiteSsrServicePath >>>> UTILITIES
getSiteSsrAndSrxSessions >>>> UTILITIES
createSiteDeviceSnapshot >>>> UTILITIES
uploadSiteDeviceSupportFile >>>> UTILITIES
getSiteDeviceSyntheticTest >>>> UTILITIES
triggerSiteDeviceSyntheticTest >>>> UTILITIES
tracerouteFromDevice >>>> UTILITIES
stopSiteLocateDevice >>>> UTILITIES
upgradeSiteDevice >>>> UTILITIES
upgradeSiteDeviceBios >>>> UTILITIES
deleteSiteVirtualChassis >>>> CONFIGURE
getSiteDeviceVirtualChassis >>>> CONFIGURE
createSiteVirtualChassis >>>> CONFIGURE
updateSiteVirtualChassisMember >>>> CONFIGURE
setSiteVcPort >>>> CONFIGURE
getSiteRoamingEvents >>>> MONITOR
countSiteSystemEvents >>>> MONITOR
searchSiteSystemEvents >>>> MONITOR
getSiteEvpnTopology >>>> CONFIGURE
createSiteEvpnTopology >>>> CONFIGURE
deleteSiteEvpnTopology >>>> CONFIGURE
getSiteEvpnTolopogy >>>> CONFIGURE
updateSiteEvpnTopology >>>> CONFIGURE
getSiteGatewayTemplateDerived >>>> CONFIGURE
listSiteAllGuestAuthorizations >>>> MONITOR
countSiteGuestAuthorizations >>>> MONITOR
listSiteAllGuestAuthorizationsDerived >>>> CONFIGURE
searchSiteGuestAuthorization >>>> MONITOR
deleteSiteGuestAuthorization >>>> CONFIGURE
getSiteGuestAuthorization >>>> CONFIGURE
updateSiteGuestAuthorization >>>> CONFIGURE
getSiteInsightMetricsForClient >>>> MONITOR
getSiteInsightMetricsForDevice >>>> MONITOR
listSiteRogueAPs >>>> CONFIGURE
listSiteRogueClients >>>> CONFIGURE
getSiteInsightMetrics >>>> MONITOR
getSiteLicenseUsage >>>> MONITOR
getSiteBeamCoverageOverview >>>> MONITOR
getSiteMachineLearningCurrentStat >>>> CONFIGURE
getSiteDefaultPlfForModels >>>> CONFIGURE
clearSiteMlOverwriteForDevice >>>> CONFIGURE
overwriteSiteMlForDevice >>>> CONFIGURE
clearSiteMlOverwriteForMap >>>> CONFIGURE
overwriteSiteMlForMap >>>> CONFIGURE
resetSiteMlStatsByMap >>>> CONFIGURE
listSiteMaps >>>> CONFIGURE
createSiteMap >>>> CONFIGURE
importSiteMaps >>>> CONFIGURE
deleteSiteMap >>>> CONFIGURE
getSiteMap >>>> CONFIGURE
updateSiteMap >>>> CONFIGURE
deleteSiteApAutoOrientation >>>> CONFIGURE
startSiteApAutoOrientation >>>> CONFIGURE
deleteSiteApAutoplacement >>>> CONFIGURE
getSiteApAutoPlacement >>>> CONFIGURE
runSiteApAutoplacement >>>> CONFIGURE
clearSiteApAutoOrient >>>> CONFIGURE
clearSiteApAutoplacement >>>> CONFIGURE
deleteSiteMapImage >>>> CONFIGURE
addSiteMapImage >>>> CONFIGURE
replaceSiteMapImage >>>> CONFIGURE
bulkAssignSiteApsToMap >>>> CONFIGURE
confirmSiteApLocalizationData >>>> CONFIGURE
importSiteWayfindings >>>> CONFIGURE
listSiteMxEdges >>>> CONFIGURE
createSiteMxEdge >>>> CONFIGURE
countSiteMxEdgeEvents >>>> MONITOR
searcSitehMistEdgeEvents >>>> MONITOR
deleteSiteMxEdge >>>> CONFIGURE
getSiteMxEdge >>>> CONFIGURE
updateSiteMxEdge >>>> CONFIGURE
uploadSiteMxEdgeSupportFiles >>>> CONFIGURE
preemptSitesMxTunnel >>>> UTILITIES
countSiteNacClients >>>> MONITOR
countSiteNacClientEvents >>>> MONITOR
searcSitegNacClientEvents >>>> MONITOR
searchSiteNacClients >>>> MONITOR
listSiteNetworksDerived >>>> CONFIGURE
getSiteNetworkTemplateDerived >>>> CONFIGURE
listSiteOtherDevices >>>> CONFIGURE
countSiteOtherDeviceEvents >>>> MONITOR
searchSiteOtherDeviceEvents >>>> MONITOR
listSitePacketCaptures >>>> UTILITIES
stopSitePacketCapture >>>> UTILITIES
getSiteCapturingStatus >>>> UTILITIES
startSitePacketCapture >>>> UTILITIES
updateSitePacketCapture >>>> UTILITIES
listSitePsks >>>> CONFIGURE
createSitePsk >>>> CONFIGURE
updateSitePsks >>>> CONFIGURE
importSitePsks >>>> CONFIGURE
deleteSitePsk >>>> CONFIGURE
getSitePsk >>>> CONFIGURE
updateSitePsk >>>> CONFIGURE
getSiteSiteRfdiagRecording >>>> CONFIGURE
startSiteRecording >>>> CONFIGURE
deleteSiteRfdiagRecording >>>> CONFIGURE
getSiteRfdiagRecording >>>> CONFIGURE
updateSiteRfdiagRecording >>>> CONFIGURE
downloadSiteRfdiagRecording >>>> CONFIGURE
stopSiteRfdiagRecording >>>> CONFIGURE
getSiteRfTemplateDerived >>>> CONFIGURE
countSiteRogueEvents >>>> MONITOR
searchSiteRogueEvents >>>> MONITOR
getSiteRogueAP >>>> CONFIGURE
deauthSiteWirelessClientsConnectedToARogue >>>> UTILITIES
getSiteCurrentChannelPlanning >>>> MONITOR
getSiteCurrentRrmConsiderations >>>> MONITOR
getSiteRrmEvents >>>> MONITOR
optimizeSiteRrm >>>> UTILITIES
listSiteRssiZones >>>> CONFIGURE
createSiteRssiZone >>>> CONFIGURE
deleteSiteRssiZone >>>> CONFIGURE
getSiteRssiZone >>>> CONFIGURE
updateSiteRssiZone >>>> CONFIGURE
listSiteServicePoliciesDerived >>>> CONFIGURE
listSiteServicesDerived >>>> CONFIGURE
countSiteServicePathEvents >>>> MONITOR
searchSiteServicePathEvents >>>> MONITOR
getSiteSetting >>>> CONFIGURE
updateSiteSettings >>>> CONFIGURE
deleteSiteWirelessClientsBlocklist >>>> CONFIGURE
createSiteWirelessClientsBlocklist >>>> CONFIGURE
getSiteJseInfo >>>> MONITOR
deleteSiteWatchedStations >>>> CONFIGURE
createSiteWatchedStations >>>> CONFIGURE
deleteSiteWirelessClientsAllowlist >>>> CONFIGURE
createSiteWirelessClientsAllowlist >>>> CONFIGURE
getSiteSiteTemplateDerived >>>> CONFIGURE
countSiteSkyatpEvents >>>> MONITOR
searchSiteSkyatpEvents >>>> MONITOR
getSiteSleClassifierDetails >>>> MONITOR
getSiteSleMetricClassifiers >>>> MONITOR
getSiteSleHistogram >>>> MONITOR
getSiteSleImpactSummary >>>> MONITOR
getSiteSleImpactedApplications >>>> MONITOR
getSiteSleImpactedAps >>>> MONITOR
getSiteSleImpactedChassis >>>> MONITOR
getSiteSleImpactedWiredClients >>>> MONITOR
getSiteSleImpactedGateways >>>> MONITOR
getSiteSleImpactedInterfaces >>>> MONITOR
getSiteSleImpactedSwitches >>>> MONITOR
getSiteSleImpactedWirelessClients >>>> MONITOR
getSiteSleSummary >>>> MONITOR
getSiteSleThreshold >>>> CONFIGURE
replaceSiteSleThreshold >>>> CONFIGURE
updateSiteSleThreshold >>>> CONFIGURE
getSiteSlesMetrics >>>> MONITOR
getSiteSsrUpgrade >>>> CONFIGURE
upgradeSiteSsr >>>> CONFIGURE
getSiteStats >>>> MONITOR
countSiteApps >>>> MONITOR
listSiteAssetsStats >>>> MONITOR
getSiteAssetStats >>>> MONITOR
countSiteAssets >>>> MONITOR
searchSiteAssets >>>> MONITOR
listSiteBeaconsStats >>>> MONITOR
countSiteBgpStats >>>> MONITOR
searchSiteBgpStats >>>> MONITOR
troubleshootSiteCall >>>> MONITOR
countSiteCalls >>>> MONITOR
searchSiteCalls >>>> MONITOR
listSiteWirelessClientsStats >>>> MONITOR
getSiteWirelessClientStats >>>> MONITOR
listSiteDevicesStats >>>> MONITOR
getSiteDeviceStats >>>> MONITOR
getSiteAllClientsStatsByDevice >>>> MONITOR
listSiteDiscoveredAssets >>>> MONITOR
searchSiteDiscoveredSwitchesMetrics >>>> MONITOR
countSiteDiscoveredSwitches >>>> MONITOR
getSiteDiscoveredSwitchesMetrics >>>> MONITOR
searchSiteDiscoveredSwitches >>>> MONITOR
getSiteAssetsOfInterest >>>> MONITOR
getSiteGatewayMetrics >>>> MONITOR
getSiteWirelessClientsStatsByMap >>>> MONITOR
getSiteDiscoveredAssetByMap >>>> MONITOR
getSiteSdkStatsByMap >>>> MONITOR
listSiteUnconnectedClientStats >>>> MONITOR
listSiteMxEdgesStats >>>> MONITOR
getSiteMxEdgeStats >>>> MONITOR
countSiteSwOrGwPorts >>>> MONITOR
searchSiteSwOrGwPorts >>>> MONITOR
getSiteSdkStats >>>> MONITOR
countSiteSwitchPorts >>>> MONITOR
searchSiteSwitchPorts >>>> MONITOR
getSiteSwitchesMetrics >>>> MONITOR
getSiteWxRulesUsage >>>> MONITOR
listSiteZonesStats >>>> MONITOR
getSiteZoneStats >>>> MONITOR
UnsubscribeSiteAlarms >>>> CONFIGURE
SubscribeSiteAlarms >>>> CONFIGURE
getSiteSyntheticTestStatus >>>> UTILITIES
triggerSiteSyntheticTest >>>> UTILITIES
searchSiteSyntheticTest >>>> MONITOR
listSiteUiSettings >>>> CONFIGURE
createSiteUiSettings >>>> CONFIGURE
getSiteUiSettingDerived >>>> CONFIGURE
deleteSiteUiSetting >>>> CONFIGURE
getSiteUiSetting >>>> CONFIGURE
updateSiteUiSetting >>>> CONFIGURE
listSiteVBeacons >>>> CONFIGURE
createSiteVBeacon >>>> CONFIGURE
deleteSiteVBeacon >>>> CONFIGURE
getSiteVBeacon >>>> CONFIGURE
updateSiteVBeacon >>>> CONFIGURE
listSiteVpnsDerived >>>> CONFIGURE
countSiteWanClientEvents >>>> MONITOR
countSiteWanClients >>>> MONITOR
searchSiteWanClientEvents >>>> MONITOR
searchSiteWanClients >>>> MONITOR
listSiteWebhooks >>>> CONFIGURE
createSiteWebhook >>>> CONFIGURE
deleteSiteWebhook >>>> CONFIGURE
getSiteWebhook >>>> CONFIGURE
updateSiteWebhook >>>> CONFIGURE
searchSiteWebhooksDeliveries >>>> MONITOR
pingSiteWebhook >>>> CONFIGURE
countSiteWiredClients >>>> MONITOR
searchSiteWiredClients >>>> MONITOR
listSiteWlans >>>> CONFIGURE
createSiteWlan >>>> CONFIGURE
listSiteWlanDerived >>>> CONFIGURE
deleteSiteWlan >>>> CONFIGURE
getSiteWlan >>>> CONFIGURE
updateSiteWlan >>>> CONFIGURE
uploadSiteWlanPortalImage >>>> CONFIGURE
updateSiteWlanPortalTemplate >>>> CONFIGURE
listSiteWxRules >>>> CONFIGURE
createSiteWxRule >>>> CONFIGURE
getSiteWxRulesDerived >>>> CONFIGURE
deleteSiteWxRule >>>> CONFIGURE
getSiteWxRule >>>> CONFIGURE
updateSiteWxRule >>>> CONFIGURE
listSiteWxTags >>>> CONFIGURE
createSiteWxTag >>>> CONFIGURE
getSiteApplicationList >>>> CONFIGURE
deleteSiteWxTag >>>> CONFIGURE
getSiteWxTag >>>> CONFIGURE
updateSiteWxTag >>>> CONFIGURE
getSiteCurrentMatchingClientsOfAWxTag >>>> MONITOR
listSiteWxTunnels >>>> CONFIGURE
createSiteWxTunnel >>>> CONFIGURE
deleteSiteWxTunnel >>>> CONFIGURE
getSiteWxTunnel >>>> CONFIGURE
updateSiteWxTunnel >>>> CONFIGURE
listSiteZones >>>> CONFIGURE
createSiteZone >>>> CONFIGURE
deleteSiteZone >>>> CONFIGURE
getSiteZone >>>> CONFIGURE
updateSiteZone >>>> CONFIGURE
countSiteZoneSessions >>>> MONITOR
searchSiteZoneSessions >>>> MONITOR
testSiteWlanTelstraSetup >>>> CONFIGURE
testSiteWlanTwilioSetup >>>> CONFIGURE