listInstallerAlarmTemplates >>>> Operation
listInstallerDeviceProfiles >>>> Operation
listInstallerListOfRenctlyClaimedDevices >>>> Operation
claimInstallerDevices >>>> Operation
unassignInstallerRecentlyClaimedDevice >>>> Operation
provisionInstallerDevices >>>> Operation
startInstallerLocateDevice >>>> Operation
stopInstallerLocateDevice >>>> Operation
deleteInstallerDeviceImage >>>> Operation
addInstallerDeviceImage >>>> Operation
listInstallerRfTemplatesNames >>>> Operation
listInstallerSecPolicies >>>> Operation
listInstallerSiteGroups >>>> Operation
listInstallerSites >>>> Operation
createOrUpdateInstallerSites >>>> Operation
listInstallerMaps >>>> Operation
importInstallerMap >>>> Operation
deleteInstallerMap >>>> Operation
createInstallerMap >>>> Operation
updateInstallerMap >>>> Operation
optimizeInstallerRrm >>>> Operation
verifyAdminInvite >>>> Operational
login >>>> Authentication
lookup >>>> Authentication
unlinkOAuth2Provider >>>> Operational
getOAuth2AuthorizationUrlForLogin >>>> Authentication
loginOAuth2 >>>> Authentication
twoFactor >>>> Authentication
logout >>>> Authentication
activateSdkInvite >>>> Operational
createMsp >>>> Operation
deleteMsp >>>> Operation
getMspDetails >>>> Operation
updateMsp >>>> Operation
listMspAdmins >>>> Operational
revokeMspAdmin >>>> Operational
getMspAdmin >>>> Operational
updateMspAdmin >>>> Operational
claimMspLicence >>>> Operational
getMspSle >>>> Monitor
getMspInventoryByMac >>>> Operational
inviteMspAdmin >>>> Operational
uninviteMspAdmin >>>> Operational
updateMspAdminInvite >>>> Operational
listMspLicenses >>>> Monitor
moveOrDeleteMspLicenseToAnotherOrg >>>> Operational
deleteMspLogo >>>> Operation
postMspLogo >>>> Operation
listMspLogs >>>> Authentication
countMspLogs >>>> Monitor
listMspOrgGroups >>>> Operation
createMspOrgGroup >>>> Operation
deleteMspOrgGroup >>>> Operation
getMspOrgGroup >>>> Operation
updateMspOrgGroup >>>> Operation
listMspOrgs >>>> Operation
createMspOrg >>>> Operation
manageMspOrgs >>>> Operation
searchMspOrgs >>>> Monitor
getMspOrg >>>> Operational
searchMspOrgGroup >>>> Monitor
listMspSsoRoles >>>> Operation
createMspSsoRole >>>> Operation
deleteMspSsoRole >>>> Operation
updateMspSsoRole >>>> Operation
getMspSso >>>> Operation
createMspSso >>>> Operation
deleteMspSso >>>> Operation
updateMspSso >>>> Operation
listMspSsoLatestFailures >>>> Authentication
getMspSsoSamlMetadata >>>> Operational
downloadMspSsoSamlMetadata >>>> Operational
listMspOrgLicenses >>>> Authentication
listMspOrgStats >>>> Monitor
countMspsMarvisActions >>>> Monitor
listMspTickets >>>> Operational
countMspTickets >>>> Monitor
createOrg >>>> Operation
deleteOrg >>>> Operation
getOrgInfo >>>> Operation
updateOrg >>>> Operation
getOrg128TRegistrationCommands >>>> Operational
listOrgAdmins >>>> Operational
revokeOrgAdmin >>>> Operational
updateOrgAdmin >>>> Operational
multiAckOrgAlarms >>>> Authentication
ackOrgAllAlarms >>>> Authentication
countOrgAlarms >>>> Monitor
searchOrgAlarms >>>> Monitor
multiUnackOrgAlarms >>>> Authentication
unackOrgAllArlarms >>>> Authentication
ackOrgAlarm >>>> Authentication
listOrgAlarmTemplates >>>> Operation
createOrgAlarmTemplate >>>> Operation
unsuppressOrgSuppressedAlarms >>>> Authentication
listOrgSuppressedAlarms >>>> Authentication
suppressOrgAlarm >>>> Authentication
deleteOrgAlarmTemplate >>>> Operation
getOrgAlarmTemplate >>>> Operation
updateOrgAlarmTemplate >>>> Operation
listOrgApiTokens >>>> Operation
createOrgApiToken >>>> Operation
deleteOrgApiToken >>>> Operation
getOrgApiToken >>>> Operation
updateOrgApiToken >>>> Operation
listOrgAptemplates >>>> Operation
createOrgAptemplate >>>> Operation
deleteOrgAptemplate >>>> Operation
getOrgAptemplate >>>> Operation
updateOrgAptemplate >>>> Operation
listOrgAssetFilters >>>> Operation
createOrgAssetFilters >>>> Operation
deleteOrgAssetFilter >>>> Operation
getOrgAssetFilter >>>> Operation
updateOrgAssetFilters >>>> Operation
listOrgAssets >>>> Operation
createOrgAsset >>>> Operation
importOrgAssets >>>> Operational
deleteOrgAsset >>>> Operation
getOrgAsset >>>> Operation
updateOrgAsset >>>> Operation
countOrgCallEvents >>>> Monitor
searchOrgCallEvents >>>> Monitor
getOrgCertificates >>>> Operational
clearOrgCertificates >>>> Operational
claimOrgLicense >>>> Operational
countOrgWirelessClients >>>> Monitor
searchOrgWirelessClientsEvents >>>> Monitor
countOrgWirelessClientsEvents >>>> Monitor
searchOrgWirelessClients >>>> Monitor
countOrgWirelessClientsSessions >>>> Monitor
searchOrgWirelessClientSessions >>>> Monitor
cloneOrg >>>> Operational
getOrgCrlFile >>>> Operational
truncateOrgCrlFile >>>> Operational
listOrgDeviceProfiles >>>> Operation
createOrgDeviceProfiles >>>> Operation
deleteOrgDeviceProfile >>>> Operation
getOrgDeviceProfile >>>> Operation
updateOrgDeviceProfile >>>> Operation
assignOrgDeviceProfile >>>> Operational
unassignOrgDeviceProfiles >>>> Operational
listOrgDevices >>>> Operational
countOrgDevices >>>> Monitor
countOrgDevicesEvents >>>> Monitor
searchOrgDevicesEvents >>>> Monitor
countOrgDeviceLastConfigs >>>> Monitor
searchOrgDeviceLastConfigs >>>> Monitor
listOrgApsMacs >>>> Operational
searchOrgDevices >>>> Monitor
listOrgMultiSitesDevicesUpgrades >>>> Operational
upgradeOrgMultiSitesDevices >>>> Operational
getOrgMultiSitesUpgrade >>>> Operational
clearOrgTunnel >>>> Operational
provisionOrgTunnel >>>> Operational
listOrgEvpnTopologies >>>> Operation
createOrgEvpnTopology >>>> Operation
deleteOrgEvpnTopology >>>> Operation
getOrgEvpnTolopogy >>>> Operation
updateOrgEvpnTopology >>>> Operation
listOrgGatewayTemplates >>>> Operation
createOrgGatewayTemplate >>>> Operation
deleteOrgGatewayTemplate >>>> Operation
getOrgGatewayTemplate >>>> Operation
updateOrgGatewayTemplate >>>> Operation
listOrgGuestAuthorizations >>>> Authentication
countOrgGuestAuthorizations >>>> Monitor
searchOrgGuestAuthorization >>>> Monitor
deleteOrgGuestAuthorization >>>> Operation
getOrgGuestAuthorization >>>> Operation
updateOrgGuestAuthorization >>>> Operation
getOrgSitesSle >>>> Monitor
getOrgSle >>>> Monitor
getOrgInventory >>>> Monitor
addOrgInventory >>>> Operational
updateOrgInventoryAssignment >>>> Operational
reevaluateOrgAutoAssignment >>>> Operational
replaceOrgDevices >>>> Operational
inviteOrgAdmin >>>> Operational
uninviteOrgAdmin >>>> Operational
updateOrgAdminInvite >>>> Operational
listOrgJsiDevices >>>> Monitor
adoptOrgJsiDevice >>>> Operational
createOrgJsiDeviceShellSession >>>> Operation
upgradeOrgJsiDevice >>>> Operational
listOrgJsiPastPurchases >>>> Monitor
getOrgLicencesSummary >>>> Monitor
moveOrDeleteOrgLicenseToAnotherOrg >>>> Operational
getOrgLicencesBySite >>>> Monitor
listOrgLogs >>>> Monitor
countOrgLogs >>>> Monitor
importOrgMaps >>>> Operational
listOrgMxEdgeClusters >>>> Operation
createOrgMxEdgeCluster >>>> Operation
deleteOrgMxEdgeCluster >>>> Operation
getOrgMxEdgeCluster >>>> Operation
updateOrgMxEdgeCluster >>>> Operation
listOrgMxEdges >>>> Operation
createOrgMxEdge >>>> Operation
assignOrgMxEdgeToSite >>>> Operational
claimOrgMxEdge >>>> Operational
unassignOrgMxEdgeFromSite >>>> Operational
listOrgMxEdgeUpgrades >>>> Operational
upgradeOrgMxEdges >>>> Operational
getOrgMxEdgeUpgrade >>>> Operational
getOrgMxEdgeUpgradeInfo >>>> Operational
deleteOrgMxEdge >>>> Operation
getOrgMxEdge >>>> Operation
updateOrgMxEdge >>>> Operation
restartOrgMxEdge >>>> Operational
bounceOrgMxEdgeDataPorts >>>> Operational
controlOrgMxEdgeServices >>>> Operational
uploadOrgMxEdgeSupportFiles >>>> Operational
unregisterOrgMxEdge >>>> Operational
upgradeOrgMxEdge >>>> Operational
listOrgMxTunnels >>>> Operation
createOrgMxTunnel >>>> Operation
deleteOrgMxTunnel >>>> Operation
getOrgMxTunnel >>>> Operation
updateOrgMxTunnel >>>> Operation
listOrgNacRules >>>> Operation
createOrgNacRule >>>> Operation
deleteOrgNacRule >>>> Operation
getOrgNacRule >>>> Operation
updateOrgNacRule >>>> Operation
listOrgNacTags >>>> Operation
createOrgNacTag >>>> Operation
DeleteOrgNacTag >>>> Operational
getOrgNacTag >>>> Operational
updateOrgNacTag >>>> Operational
listOrgNetworks >>>> Operation
createOrgNetwork >>>> Operation
deleteOrgNetwork >>>> Operation
getOrgNetwork >>>> Operation
updateOrgNetwork >>>> Operation
listOrgNetworkTemplates >>>> Operation
createOrgNetworkTemplate >>>> Operation
deleteOrgNetworkTemplate >>>> Operation
getOrgNetworkTemplate >>>> Operation
updateOrgNetworkTemplates >>>> Operation
getOrgJuniperDevicesCommand >>>> Operational
listOrgOtherDevices >>>> Operational
updateOrgOtherDevices >>>> Operational
countOrgOtherDevicesEvents >>>> Monitor
searchOrgOtherDevicesEvents >>>> Monitor
deleteOrgOtherDevice >>>> Operation
getOrgOtherDevice >>>> Operation
updateOrgOtherDevice >>>> Operation
listOrgPmaDashboards >>>> Operational
listOrgPskPortals >>>> Operation
createOrgPskPortal >>>> Operation
deleteOrgPskPortal >>>> Operation
getOrgPskPortal >>>> Operation
updateOrgPskPortal >>>> Operation
listOrgPsks >>>> Operation
createOrgPsk >>>> Operation
updateOrgMultiPsks >>>> Operation
importOrgPsks >>>> Operational
deleteOrgPsk >>>> Operation
getOrgPsk >>>> Operation
updateOrgPsk >>>> Operation
deleteOrgPskOldPassphrase >>>> Operational
listOrgRfTemplates >>>> Operation
createOrgRfTemplate >>>> Operation
deleteOrgRfTemplate >>>> Operation
getOrgRfTemplate >>>> Operation
updateOrgRfTemplate >>>> Operation
updateSdkClient >>>> Operational
listSdkInvites >>>> Operation
createSdkInvite >>>> Operation
revokeSdkInvite >>>> Operational
getSdkInvite >>>> Operational
updateSdkInvite >>>> Operational
sendSdkInviteEmail >>>> Operational
getSdkInviteQrCode >>>> Operational
sendSdkInviteSms >>>> Operational
listSdkTemplates >>>> Operation
createSdkTemplate >>>> Operation
deleteSdkTemplate >>>> Operation
getSdkTemplate >>>> Operation
updateSdkTemplate >>>> Operation
listOrgSecPolicies >>>> Operation
createOrgSecPolicies >>>> Operation
deleteOrgSecPolicy >>>> Operation
getOrgSecPolicy >>>> Operation
updateOrgSecPolicies >>>> Operation
listOrgServicePolicies >>>> Operation
createOrgServicePolicy >>>> Operation
deleteOrgServicePolicy >>>> Operation
getOrgServicePolicy >>>> Operation
updateOrgServicePolicy >>>> Operation
listOrgServices >>>> Operation
createOrgService >>>> Operation
deleteOrgService >>>> Operation
getOrgService >>>> Operation
updateOrgService >>>> Operation
getOrgSettings >>>> Operational
updateOrgSettings >>>> Operational
deleteOrgWirelessClientsBlocklist >>>> Operation
createOrgWirelessClientsBlocklist >>>> Operation
deleteOrgCradlepointConnection >>>> Operation
setupOrgCradlepointConnectionToMist >>>> Operation
updateOrgCradlepointConnectionToMist >>>> Operation
syncOrgCradlepointRouters >>>> Operational
deleteOrgJamfAppAuthorization >>>> Operation
getOrgJamfAppLinkedStatus >>>> Operation
addOrgJamfAppAuthorization >>>> Operation
deleteOrgJsecCredential >>>> Operation
getOrgJsecCredential >>>> Operation
setupOrgJsecCredential >>>> Operation
linkOrgToJuniperJuniperAccount >>>> Operational
unlinkOrgFromJuniperCustomerId >>>> Operational
setOrgCustomBucket >>>> Operational
verifyOrgCustomBucket >>>> Operational
deleteOrgZscalerCredential >>>> Operation
getOrgZscalerCredential >>>> Operation
setupOrgZscalerCredential >>>> Operation
deleteOrgOauthAppAuthorization >>>> Operation
getOrgOauthAppLinkedStatus >>>> Operation
listOrgSiteGroups >>>> Operation
createOrgSiteGroup >>>> Operation
deleteOrgSiteGroup >>>> Operation
getOrgSiteGroup >>>> Operation
updateOrgSiteGroup >>>> Operation
listOrgSites >>>> Operation
createOrgSite >>>> Operation
countOrgSites >>>> Monitor
searchOrgSites >>>> Monitor
importOrgMapToSite >>>> Operational
listOrgSiteTemplates >>>> Operation
createOrgSiteTemplates >>>> Operation
deleteOrgSiteTemplate >>>> Operation
getOrgSiteTemplate >>>> Operation
updateOrgSiteTemplate >>>> Operation
listOrgSsoRoles >>>> Operation
createOrgSsoRole >>>> Operation
deleteOrgSsoRole >>>> Operation
getOrgSsoRole >>>> Operation
updateOrgSsoRole >>>> Operation
listOrgSsos >>>> Operation
createOrgSso >>>> Operation
deleteOrgSso >>>> Operation
getOrgSso >>>> Operation
updateOrgSso >>>> Operation
listOrgSsoLatestFailures >>>> Monitor
getOrgSsoSamlMetadata >>>> Operational
downloadOrgSsoSamlMetadata >>>> Operational
listOrgSsrUpgrades >>>> Operational
upgradeOrgSsrs >>>> Operational
cancelOrgSsrUpgrade >>>> Operational
getOrgSsrUpgradeInfo >>>> Operational
getOrgStats >>>> Monitor
listOrgAssetsStats >>>> Monitor
countOrgAssets >>>> Monitor
searchOrgAssets >>>> Monitor
countOrgBgpStats >>>> Monitor
searchOrgBgpStats >>>> Monitor
listOrgDevicesStats >>>> Monitor
listOrgMxEdgesStats >>>> Monitor
getOrgMxEdgeStats >>>> Monitor
getOrgOtherDeviceStats >>>> Monitor
searchOrgSwOrGwPorts >>>> Monitor
countOrgSwitchPorts >>>> Monitor
countOrgTunnelsStats >>>> Monitor
searchOrgTunnelsStats >>>> Monitor
countOrgPeerPathStats >>>> Monitor
searchOrgPeerPathStats >>>> Monitor
unsubscribeOrgAlarmsReports >>>> Operational
subscribeOrgAlarmsReports >>>> Operational
listOrgTemplates >>>> Operation
createOrgTemplate >>>> Operation
deleteOrgTemplate >>>> Operation
getOrgTemplate >>>> Operation
updateOrgTemplate >>>> Operation
cloneOrgTemplate >>>> Operational
listOrgTickets >>>> Operation
createOrgTicket >>>> Operation
countOrgTickets >>>> Monitor
getOrgTicket >>>> Operational
updateOrgTicket >>>> Operational
addOrgTicketComment >>>> Operational
troubleshootOrgClient >>>> Monitor
listOrgsVpns >>>> Operation
createOrgVpns >>>> Operation
deleteOrgVpn >>>> Operation
getOrgVpn >>>> Operation
updateOrgVpn >>>> Operation
countOrgWanClientEvents >>>> Monitor
countOrgWanClients >>>> Monitor
searchOrgWanClientsEvents >>>> Monitor
searchOrgWiredClientsEvents >>>> Monitor
countOrgWiredClientsEvents >>>> Monitor
searchOrgWanClients >>>> Monitor
listOrgWebhooks >>>> Operation
createOrgWebhook >>>> Operation
deleteOrgWebhook >>>> Operation
getOrgWebhook >>>> Operation
updateOrgWebhook >>>> Operation
countOrgWiredClients >>>> Monitor
searchOrgWiredClients >>>> Monitor
listOrgWlans >>>> Operation
createOrgWlan >>>> Operation
getOrgWlanDerived >>>> Operational
deleteOrgWlan >>>> Operation
getOrgWLAN >>>> Operation
updateOrgWlan >>>> Operation
deleteOrgWlanPortalImage >>>> Operation
uploadOrgWlanPortalImage >>>> Operation
updateOrgWlanPortalTemplate >>>> Operational
listOrgWxRules >>>> Operation
createOrgWxRule >>>> Operation
getOrgWxRulesDerived >>>> Operational
deleteOrgWxRule >>>> Operation
getOrgWxRule >>>> Operation
updateOrgWxRule >>>> Operation
listOrgWxTags >>>> Operation
createOrgWxTag >>>> Operation
getOrgApplicationList >>>> Operational
deleteOrgWxTag >>>> Operation
getOrgWxTag >>>> Operation
updateOrgWxTag >>>> Operation
getOrgMatchingClients >>>> Operational
listOrgWxTunnels >>>> Operation
createOrgWxTunnel >>>> Operation
deleteOrgWxTunnel >>>> Operation
getOrgWxTunnel >>>> Operation
updateOrgWxTunnel >>>> Operation
recoverPassword >>>> Authentication
verifyRecoverPasssword >>>> Authentication
registerNewAdmin >>>> Operational
verifyRegistration >>>> Operational
deleteSelf >>>> Operation
getSelf >>>> Operation
updateSelf >>>> Operation
listApiTokens >>>> Operation
createApiToken >>>> Operation
deleteApiToken >>>> Operation
listSelfAuditLogs >>>> Monitor
getOAuth2UrlForLinking >>>> Authentication
linkOAuth2MistAccount >>>> Authentication
listAlarmSubscriptions >>>> Operational
generateQrCodeForVerification >>>> Authentication
verifyTwoFactor >>>> Authentication
updateSelfEmail >>>> Operational
verifySelfEmail >>>> Operational
deleteSite >>>> Operation
getSiteInfo >>>> Operation
updateSiteInfo >>>> Operation
multiAckSiteAlarms >>>> Operational
ackSiteAllAlarms >>>> Operational
countSiteAlarms >>>> Monitor
searchSiteAlarms >>>> Monitor
multiUnackSiteAlarms >>>> Operational
unackSiteAllArlarms >>>> Operational
ackSiteAlarm >>>> Operational
unackSiteAlarm >>>> Operational
getSiteClientAnomalyEvents >>>> Operational
getSiteDeviceAnomalyEvents >>>> Monitor
getSiteAnomalyEvents >>>> Monitor
listSiteApps >>>> Operational
listSiteAssetFilters >>>> Operation
createSiteAssetFilters >>>> Operation
deleteSiteAssetFilter >>>> Operation
getSiteAssetFilter >>>> Operation
updateSiteAssetFilter >>>> Operation
listSiteAssets >>>> Operation
createSiteAsset >>>> Operation
importSiteAssets >>>> Operational
deleteSiteAsset >>>> Operation
getSiteAsset >>>> Operation
updateSiteAsset >>>> Operation
listSiteBeacons >>>> Operation
createSiteBeacon >>>> Operation
deleteSiteBeacons >>>> Operation
getSiteBeacon >>>> Operation
updateSiteBeacons >>>> Operation
countSiteCallEvents >>>> Monitor
searchSiteCallEvents >>>> Monitor
countSiteWirelessClients >>>> Monitor
disconnectSiteMultipleClients >>>> Operational
countSiteWirelessClientsEvents >>>> Monitor
searchSiteWirelessClientsEvents >>>> Monitor
searchSiteWirelessClients >>>> Monitor
countSiteWirelessClientSessions >>>> Monitor
searchSiteWirelessClientSessions >>>> Monitor
unauthorizeSiteMultipleClients >>>> Operational
disconnectSiteWirelessClient >>>> Operational
getSiteEventsForClient >>>> Monitor
unauthorizeSiteWirelessClient >>>> Operational
listSiteDeviceProfilesDerived >>>> Operational
listSiteDevices >>>> Operational
getSiteDeviceRadioChannels >>>> Monitor
countSiteDeviceConfigHistory >>>> Monitor
searchSiteDeviceConfigHistory >>>> Monitor
countSiteDevices >>>> Monitor
countSiteDeviceEvents >>>> Monitor
searchSiteDevicesEvents >>>> Monitor
exportSiteDevices >>>> Operational
importSiteDevices >>>> Operational
countSiteDeviceLastConfig >>>> Monitor
searchSiteDeviceLastConfigs >>>> Monitor
reprovisionSiteAllAps >>>> Operational
resetSiteAllApsToUseRrm >>>> Operational
multiRestartSiteDevices >>>> Operational
searchSiteDevices >>>> Monitor
getSiteDevicesUpgrade >>>> Operational
multiUpgradeSiteDevices >>>> Operational
getSiteUpgrade >>>> Operational
cancelSiteDeviceUpgrade >>>> Operational
listSiteAvailableDeviceVersions >>>> Operational
zeroizeSiteFipsAllAps >>>> Operational
deleteSiteDevice >>>> Operation
getSiteDevice >>>> Operation
updateSiteDevice >>>> Operation
arpFromDevice >>>> Operational
portsBounceFromSwitch >>>> Operational
cableTestFromSwitch >>>> Operational
startSiteSwitchRadiusSyntheticTest >>>> Operational
clearSiteSsrArpCache >>>> Operational
clearSiteSsrBgpRoutes >>>> Operational
clearBpduErrosFromPortsOnSwitch >>>> Operational
clearAllLearnedMacsFromPortOnSwitch >>>> Operational
getSiteDeviceConfigCmd >>>> Operational
deleteSiteDeviceHaCluster >>>> Operation
createSiteDeviceHaCluster >>>> Operation
swapSiteDeviceHaClusterNode >>>> Operation
deleteSiteDeviceImage >>>> Operation
addSiteDeviceImage >>>> Operation
getSiteDeviceIotPort >>>> Operational
setSiteDeviceIotPort >>>> Operational
deleteSiteLocalSwitchPortConfig >>>> Operation
updateSiteLocalSwitchPortConfig >>>> Operation
startSiteLocateDevice >>>> Operational
pingFromDevice >>>> Operational
pollSiteSwitchStats >>>> Monitor
releaseSiteSsrDhcpLease >>>> Operational
getSiteDeviceZtpPassword >>>> Operational
testSiteSsrDnsResolution >>>> Operational
restartSiteDevice >>>> Operational
servicePingFromSsr >>>> Operational
getSiteSsrAndSrxRoutes >>>> Operational
getSiteSsrServicePath >>>> Operational
getSiteSsrAndSrxSessions >>>> Monitor
createSiteDeviceSnapshot >>>> Operation
uploadSiteDeviceSupportFile >>>> Operational
StartSiteDeviceSyntheticTest >>>> Operational
tracerouteFromDevice >>>> Operational
stopSiteLocateDevice >>>> Operational
upgradeSiteDevice >>>> Operational
deleteSiteVirtualChassis >>>> Operation
getSiteDeviceVirtualChassis >>>> Operation
createSiteVirtualChassis >>>> Operation
updateSiteVirtualChassisMember >>>> Operation
setSiteVcPort >>>> Operational
getSiteRoamingEvents >>>> Operational
getSiteInterferenceEvents >>>> Monitor
countSiteSystemEvents >>>> Monitor
searchSiteSystemEvents >>>> Monitor
getSiteEvpnTopology >>>> Operation
createSiteEvpnTopology >>>> Operation
deleteSiteEvpnTopology >>>> Operation
getSiteEvpnTolopogy >>>> Operation
updateSiteEvpnTopology >>>> Operation
listSiteAllGuestAuthorizations >>>> Monitor
countSiteGuestAuthorizations >>>> Monitor
searchSiteGuestAuthorization >>>> Monitor
deleteSiteGuestAuthorization >>>> Operation
getSiteGuestAuthorization >>>> Operation
updateSiteGuestAuthorization >>>> Operation
getSiteInsightMetricsForClient >>>> Monitor
getSiteInsightMetricsForDevice >>>> Monitor
listSiteRogueAPs >>>> Monitor
listSiteRogueClients >>>> Monitor
getSiteInsightMetrics >>>> Monitor
getSiteLicenseUsage >>>> Monitor
getSiteBeamCoverageOverview >>>> Monitor
getSiteMachineLearningCurrentStat >>>> Monitor
getSiteDefaultPlfForModels >>>> Operational
clearSiteMlOverwriteForDevice >>>> Operational
overwriteSiteMlForDevice >>>> Operational
clearSiteMlOverwriteForMap >>>> Operational
overwriteSiteMlForMap >>>> Operational
resetSiteMlStatsByMap >>>> Monitor
getSiteMachineLearningEvents >>>> Monitor
listSiteMaps >>>> Operation
createSiteMap >>>> Operation
importSiteMaps >>>> Operational
deleteSiteMap >>>> Operation
getSiteMap >>>> Operation
updateSiteMap >>>> Operation
deleteSiteApAutoOrientation >>>> Operation
startSiteApAutoOrientation >>>> Operation
deleteSiteApAutoplacement >>>> Operation
getSiteApAutoPlacement >>>> Operation
runSiteApAutoplacement >>>> Operation
clearSiteApAutoOrient >>>> Operational
clearSiteApAutoplacement >>>> Operational
deleteSiteMapImage >>>> Operation
addSiteMapImage >>>> Operation
replaceSiteMapImage >>>> Operational
bulkAssignSiteApsToMap >>>> Operational
confirmSiteApLocalizationData >>>> Operational
importSiteWayfindings >>>> Operational
listSiteMxEdges >>>> Operation
createSiteMxEdge >>>> Operation
deleteSiteMxEdge >>>> Operation
getSiteMxEdge >>>> Operation
updateSiteMxEdge >>>> Operation
uploadSiteMxEdgeSupportFiles >>>> Operational
preemptSitesMxTunnel >>>> Operational
listSiteNetworksDerived >>>> Operational
listSiteOtherDevices >>>> Operational
countSiteOtherDevicesEvents >>>> Monitor
searchSiteOtherDevicesEvents >>>> Monitor
listSitePacketCaptures >>>> Operational
stopSitePacketCapture >>>> Operational
getSiteCapturingStatus >>>> Operational
startSitePacketCapture >>>> Operational
updateSitePacketCapture >>>> Operational
listSitePsks >>>> Operation
createSitePsk >>>> Operation
updateSitePsks >>>> Operation
importSitePsks >>>> Operational
deleteSitePsk >>>> Operation
getSitePsk >>>> Operation
updateSitePsk >>>> Operation
getSiteSiteRfdiagRecording >>>> Operational
startSiteRecording >>>> Operational
deleteSiteRfdiagRecording >>>> Operation
getSiteRfdiagRecording >>>> Operation
updateSiteRfdiagRecording >>>> Operation
downloadSiteRfdiagRecording >>>> Operational
stopSiteRfdiagRecording >>>> Operational
countSiteRogueEvents >>>> Monitor
searchSiteRogueEvents >>>> Monitor
getSiteRogueAP >>>> Monitor
deauthSiteWirelessClientsConnectedToARogue >>>> Operational
getSiteCurrentChannelPlanning >>>> Monitor
getSiteCurrentRrmConsiderationsForAnApOnASpecificBand >>>> Monitor
getSiteRrmEvents >>>> Monitor
optimizeSiteRrm >>>> Operational
listSiteRssiZones >>>> Operation
createSiteRssiZone >>>> Operation
deleteSiteRssiZone >>>> Operation
getSiteRssiZone >>>> Operation
updateSiteRssiZone >>>> Operation
listSiteServicePoliciesDerived >>>> Operational
listSiteServicesDerived >>>> Operational
getSiteSetting >>>> Operational
updateSiteSettings >>>> Operational
deleteSiteWirelessClientsBlocklist >>>> Operation
createSiteWirelessClientsBlocklist >>>> Operation
deleteSiteWatchedStations >>>> Operation
createSiteWatchedStations >>>> Operation
deleteSiteWirelessClientsAllowlist >>>> Operation
createSiteWirelessClientsAllowlist >>>> Operation
countSiteSkyatpEvents >>>> Monitor
searchSiteSkyatpEvents >>>> Monitor
getSiteSleClassifierDetails >>>> Operational
getSiteSleMetricClassifiers >>>> Monitor
getSiteSleHistogram >>>> Monitor
getSiteSleImpactSummary >>>> Monitor
getSiteSleImpactedApplications >>>> Monitor
getSiteSleImpactedAps >>>> Monitor
getSiteSleImpactedChassis >>>> Monitor
getSiteSleImpactedWiredClients >>>> Monitor
getSiteSleImpactedGateways >>>> Monitor
getSiteSleImpactedInterfaces >>>> Monitor
getSiteSleImpactedSwitches >>>> Monitor
getSiteSleImpactedWirelessClients >>>> Monitor
getSiteSleSummary >>>> Monitor
getSiteSleThreshold >>>> Monitor
replaceSiteSleThreshold >>>> Operational
updateSiteSleThreshold >>>> Operational
getSiteSlesMetrics >>>> Monitor
getSiteSsrUpgrade >>>> Monitor
upgradeSiteSsr >>>> Operational
getSiteStats >>>> Monitor
countSiteApps >>>> Monitor
listSiteAssetsStats >>>> Monitor
getSiteAssetStats >>>> Monitor
countSiteAssets >>>> Monitor
searchSiteAssets >>>> Monitor
listSiteBeaconsStats >>>> Monitor
countSiteBgpStats >>>> Monitor
searchSiteBgpStats >>>> Monitor
countSiteCalls >>>> Monitor
searchSiteCalls >>>> Monitor
listSiteWirelessClientsStats >>>> Monitor
getSiteWirelessClientStats >>>> Monitor
listSiteDevicesStats >>>> Monitor
getSiteDeviceStats >>>> Monitor
getSiteAllClientsStatsByDevice >>>> Monitor
listSiteDiscoveredAssets >>>> Operational
searchSiteDiscoveredSwitchesMetrics >>>> Monitor
countSiteDiscoveredSwitches >>>> Monitor
getSiteDiscoveredSwitchesMetrics >>>> Monitor
searchSiteDiscoveredSwitches >>>> Monitor
getSiteAssetsOfInterest >>>> Operational
getSiteGatewayMetrics >>>> Monitor
getSiteWirelessClientsStatsByMap >>>> Monitor
getSiteDiscoveredAssetByMap >>>> Monitor
getSiteSdkStatsByMap >>>> Monitor
listSiteUnconnectedClientStats >>>> Monitor
listSiteMxEdgesStats >>>> Monitor
getSiteMxEdgeStats >>>> Monitor
countSiteSwOrGwPorts >>>> Monitor
searchSiteSwOrGwPorts >>>> Monitor
getSiteSdkStats >>>> Monitor
countSiteSwitchPorts >>>> Monitor
searchSiteSwitchPorts >>>> Monitor
getSiteWiredClientAndParentInterface >>>> Monitor
getSiteAdoptedSwitchesComplianceMetrics >>>> Monitor
getSiteWxRulesUsage >>>> Monitor
listSiteZonesStats >>>> Monitor
getSiteZoneStats >>>> Monitor
UnsubscribeSite >>>> Operational
SubscribeSite >>>> Operational
getSiteSyntheticTestStatus >>>> Operational
triggerSiteSyntheticTest >>>> Operational
getSiteCurdSettings >>>> Operation
createSiteCurdSettings >>>> Operation
getSiteDerivedCurdSetting >>>> Operational
deleteSiteCurdSetting >>>> Operation
getSiteCurdSetting >>>> Operation
updateSiteCurdSetting >>>> Operation
listSiteVBeacons >>>> Operation
createSiteVBeacon >>>> Operation
deleteSiteVBeacon >>>> Operation
getSiteVBeacon >>>> Operation
updateSiteVBeacon >>>> Operation
listSiteVpnsDerived >>>> Operational
countSiteWanClientEvents >>>> Monitor
countSiteWiredClientEvents >>>> Monitor
countSiteWanClients >>>> Monitor
searchSiteWanClientsEvents >>>> Monitor
searchSiteWiredClientsEvents >>>> Monitor
searchSiteWanClients >>>> Monitor
listSiteWebhooks >>>> Operation
createSiteWebhook >>>> Operation
deleteSiteWebhook >>>> Operation
getSiteWebhook >>>> Operation
updateSiteWebhook >>>> Operation
pingSiteWebhook >>>> Operational
countSiteClientsWired >>>> Monitor
searchSiteClientsWired >>>> Monitor
listSiteWlans >>>> Operation
createSiteWlan >>>> Operation
getSiteWlanDerived >>>> Operational
deleteSiteWlan >>>> Operation
getSiteWlan >>>> Operation
updateSiteWlan >>>> Operation
uploadSiteWlanPortalImage >>>> Operational
updateSiteWlanPortalTemplate >>>> Operational
listSiteWxRules >>>> Operation
createSiteWxRule >>>> Operation
getSiteWxRulesDerived >>>> Operational
deleteSiteWxRule >>>> Operation
getSiteWxRule >>>> Operation
updateSiteWxRule >>>> Operation
listSiteWxTags >>>> Operation
createSiteWxTag >>>> Operation
getSiteApplicationList >>>> Operational
deleteSiteWxTag >>>> Operation
getSiteWxTag >>>> Operation
updateSiteWxTag >>>> Operation
getSiteCurrentMatchingClientsOfAWxTag >>>> Monitor
listSiteWxTunnels >>>> Operation
createSiteWxTunnel >>>> Operation
deleteSiteWxTunnel >>>> Operation
getSiteWxTunnel >>>> Operation
updateSiteWxTunnel >>>> Operation
listSiteZones >>>> Operation
createSiteZone >>>> Operation
deleteSiteZone >>>> Operation
getSiteZone >>>> Operation
updateSiteZone >>>> Operation
countSiteZoneSessions >>>> Monitor
searchSiteZoneSessions >>>> Monitor
testSiteWlanTelstraSetup >>>> Operational
testSiteWlanTwilioSetup >>>> Operational
alarms >>>> Monitor
assetRaw >>>> Monitor
audits >>>> Monitor
clientJoin >>>> Monitor
clientSessions >>>> Monitor
deviceEvents >>>> Monitor
deviceUpDown >>>> Monitor
discovered-raw-rssi >>>> Monitor
location >>>> Monitor
occupancyAlerts >>>> Monitor
ping >>>> Monitor
sdkclientScanData >>>> Monitor
zone >>>> Monitor